SF:lib\app\modules\pokedex\domain\entities\pokedex.dart
DA:6,3
LF:1
LH:1
end_of_record
SF:lib\app\modules\pokedex\domain\usecases\get_pokedex.dart
DA:13,1
DA:16,1
DA:17,1
DA:19,1
DA:20,0
DA:23,1
DA:24,0
DA:27,3
LF:8
LH:6
end_of_record
SF:lib\app\modules\pokedex\infra\repositories\pokedex_repository\pokedex_repository_impl.dart
DA:11,1
DA:14,1
DA:17,3
DA:18,1
DA:19,0
DA:20,0
LF:6
LH:4
end_of_record
SF:lib\app\modules\pokedex\states\pokedex_state.dart
DA:13,0
DA:19,0
DA:25,0
LF:3
LH:0
end_of_record
SF:lib\app\modules\pokedex\domain\entities\pokemon_info.dart
DA:4,3
LF:1
LH:1
end_of_record
SF:lib\app\modules\pokedex\domain\entities\pokemon.dart
DA:5,1
LF:1
LH:1
end_of_record
SF:lib\app\modules\pokedex\external\models\pokedex_model.dart
DA:11,2
DA:16,1
DA:17,1
DA:18,1
DA:19,1
DA:20,1
DA:21,4
DA:26,0
DA:27,0
LF:9
LH:7
end_of_record
SF:lib\app\modules\pokedex\external\models\pokemon_model.dart
DA:9,1
DA:15,1
DA:16,1
DA:17,2
DA:18,2
DA:19,2
LF:6
LH:6
end_of_record
SF:lib\app\modules\pokedex\external\pokedex_datasource\pokedex_datasource_impl.dart
DA:8,1
DA:11,1
DA:14,4
DA:17,2
DA:18,1
DA:19,1
DA:22,0
DA:24,0
LF:8
LH:6
end_of_record
SF:lib\app\modules\pokedex\domain\usecases\get_pokemon_info.dart
DA:13,1
DA:16,1
DA:17,1
DA:19,1
DA:20,0
DA:23,1
DA:24,0
DA:27,2
LF:8
LH:6
end_of_record
SF:lib\app\modules\pokedex\infra\repositories\pokemon_info_repository\pokemon_info_repository_impl.dart
DA:11,1
DA:14,1
DA:17,3
DA:18,1
DA:19,0
DA:20,0
LF:6
LH:4
end_of_record
SF:lib\app\modules\pokedex\external\models\pokemon_info_model.dart
DA:8,2
DA:13,1
DA:14,1
DA:15,2
DA:16,3
LF:5
LH:5
end_of_record
SF:lib\app\modules\pokedex\external\pokemon_info_datasource\pokemon_info_datasource.dart
DA:8,1
DA:11,1
DA:12,3
DA:15,2
DA:16,1
DA:17,1
DA:20,0
DA:22,0
LF:8
LH:6
end_of_record
