SF:lib\app\modules\pokedex\domain\entities\pokedex.dart
DA:6,3
DA:11,0
DA:15,0
DA:16,0
DA:17,0
LF:5
LH:1
end_of_record
SF:lib\app\modules\pokedex\domain\usecases\get_pokedex.dart
DA:13,1
DA:16,1
DA:17,1
DA:19,1
DA:20,0
DA:23,1
DA:24,0
DA:27,3
LF:8
LH:6
end_of_record
SF:lib\app\modules\pokedex\infra\repositories\pokedex_repository\pokedex_repository_impl.dart
DA:11,1
DA:14,1
DA:17,3
DA:18,1
DA:19,0
DA:20,0
LF:6
LH:4
end_of_record
SF:lib\app\modules\pokedex\domain\entities\pokemon.dart
DA:5,1
LF:1
LH:1
end_of_record
SF:lib\app\modules\pokedex\domain\entities\pokemon_form.dart
DA:7,3
LF:1
LH:1
end_of_record
SF:lib\app\modules\pokedex\domain\entities\pokemon_info.dart
DA:4,3
LF:1
LH:1
end_of_record
SF:lib\app\modules\pokedex\states\pokedex_state.dart
DA:15,0
DA:21,0
DA:27,0
DA:33,0
LF:4
LH:0
end_of_record
SF:lib\app\modules\pokedex\external\models\pokedex_model.dart
DA:11,2
DA:16,1
DA:17,1
DA:18,1
DA:19,1
DA:20,1
DA:21,4
DA:26,0
DA:27,0
LF:9
LH:7
end_of_record
SF:lib\app\modules\pokedex\external\models\pokemon_model.dart
DA:9,1
DA:15,1
DA:16,1
DA:17,2
DA:18,2
DA:19,2
LF:6
LH:6
end_of_record
SF:lib\app\modules\pokedex\domain\usecases\get_pokemon_form.dart
DA:13,1
DA:16,1
DA:17,1
DA:19,1
DA:20,0
DA:21,0
DA:24,1
DA:25,0
DA:27,2
LF:9
LH:6
end_of_record
SF:lib\app\modules\pokedex\infra\repositories\pokemon_form_repository\pokemon_form_repository_impl.dart
DA:11,1
DA:13,1
DA:16,3
DA:17,1
DA:18,0
DA:19,0
LF:6
LH:4
end_of_record
SF:lib\app\modules\pokedex\external\models\pokemon_form_model.dart
DA:11,2
DA:19,1
DA:20,1
DA:21,2
DA:22,2
DA:23,2
DA:24,2
DA:25,1
DA:26,6
LF:9
LH:9
end_of_record
SF:lib\app\modules\pokedex\domain\usecases\get_pokemon_info.dart
DA:13,1
DA:16,1
DA:17,1
DA:19,1
DA:20,0
DA:23,1
DA:24,0
DA:27,2
LF:8
LH:6
end_of_record
SF:lib\app\modules\pokedex\infra\repositories\pokemon_info_repository\pokemon_info_repository_impl.dart
DA:11,1
DA:14,1
DA:17,3
DA:18,1
DA:19,0
DA:20,0
LF:6
LH:4
end_of_record
SF:lib\app\modules\pokedex\external\models\pokemon_info_model.dart
DA:8,2
DA:13,1
DA:14,1
DA:15,2
DA:16,2
DA:17,1
DA:18,5
DA:19,1
LF:8
LH:8
end_of_record
SF:lib\app\modules\pokedex\external\pokedex_datasource\pokedex_datasource_impl.dart
DA:8,1
DA:11,1
DA:14,4
DA:17,2
DA:18,1
DA:19,1
DA:22,0
DA:24,0
LF:8
LH:6
end_of_record
SF:lib\app\modules\pokedex\external\pokemon_form_datasource\pokemon_form_datasource_impl.dart
DA:8,1
DA:13,1
DA:14,5
DA:17,2
DA:18,1
DA:19,1
DA:22,0
DA:24,0
LF:8
LH:6
end_of_record
SF:lib\app\modules\pokedex\external\pokemon_info_datasource\pokemon_info_datasource.dart
DA:8,1
DA:11,1
DA:12,3
DA:15,2
DA:16,1
DA:17,1
DA:20,0
DA:22,0
LF:8
LH:6
end_of_record
SF:lib\app\core\errors\app_errors.dart
DA:4,5
DA:12,0
DA:17,2
DA:22,0
DA:30,8
LF:5
LH:3
end_of_record
SF:lib\app\modules\trainer\domain\usecases\create_trainer.dart
DA:13,2
DA:16,2
DA:18,2
DA:19,2
DA:21,2
DA:22,2
DA:24,2
DA:25,2
DA:27,2
DA:28,2
DA:31,4
LF:11
LH:11
end_of_record
SF:lib\app\modules\trainer\domain\usecases\delete_trainer.dart
DA:12,2
DA:15,1
DA:16,1
DA:17,2
DA:20,2
LF:5
LH:5
end_of_record
SF:lib\app\modules\trainer\external\models\trainer_model.dart
DA:13,1
DA:22,0
DA:23,0
DA:24,0
DA:25,0
DA:26,0
DA:27,0
DA:28,0
DA:29,0
DA:30,0
DA:31,0
DA:32,0
DA:36,0
DA:37,0
DA:39,0
DA:47,0
DA:48,0
DA:49,0
DA:50,0
DA:51,0
DA:52,0
DA:53,0
LF:22
LH:1
end_of_record
SF:lib\app\modules\trainer\domain\usecases\get_trainer.dart
DA:13,2
DA:16,1
DA:17,1
DA:18,2
DA:21,2
LF:5
LH:5
end_of_record
SF:lib\app\modules\trainer\external\models\pokemon_hasura_model.dart
DA:7,0
DA:12,0
DA:13,0
DA:14,0
DA:15,0
DA:19,0
DA:20,0
DA:22,0
DA:26,0
DA:27,0
DA:28,0
LF:11
LH:0
end_of_record
SF:lib\app\modules\trainer\infra\repositories\delete_trainer_repository.dart
DA:9,1
DA:12,1
DA:14,3
DA:15,1
DA:16,0
DA:17,0
DA:18,0
DA:19,0
LF:8
LH:4
end_of_record
SF:lib\app\modules\trainer\infra\repositories\get_trainer_repository.dart
DA:10,0
DA:13,0
DA:15,0
DA:16,0
DA:17,0
DA:18,0
DA:19,0
DA:20,0
LF:8
LH:0
end_of_record
SF:lib\app\modules\trainer\presenter\controllers\trainer_controller.dart
DA:8,1
DA:10,2
DA:16,1
DA:18,3
DA:20,2
DA:22,1
DA:23,0
DA:24,0
DA:26,1
DA:27,2
DA:32,0
DA:33,0
DA:35,0
DA:37,0
DA:38,0
DA:39,0
DA:41,0
DA:42,0
DA:47,0
DA:48,0
DA:50,0
DA:52,0
DA:53,0
DA:54,0
DA:56,0
DA:57,0
LF:26
LH:8
end_of_record
SF:lib\app\modules\trainer\states\trainer_states.dart
DA:14,0
DA:20,0
LF:2
LH:0
end_of_record
SF:lib\app\modules\trainer\infra\repositories\create_trainer_repository.dart
DA:10,1
DA:13,1
DA:16,3
DA:17,1
DA:18,1
DA:19,0
DA:20,1
DA:21,0
LF:8
LH:6
end_of_record
SF:lib\app\modules\trainer\external\data\create_trainer_database.dart
DA:6,1
DA:11,1
DA:27,1
DA:29,2
DA:30,1
DA:31,0
DA:34,1
LF:7
LH:6
end_of_record
